         128
    0.0000000000    1.0000000000    0.5848035476
    0.0000000000    0.8150688806    0.5547933583
    0.9246555971    1.0000000000    0.5547933583
    0.0000000000    0.9172962892    0.5789259759
    0.4743383129    0.9051323374    0.5692059755
    0.4135185542    1.0000000000    0.5789259759
    0.0892638948
    0.0000000000    0.8150688806    0.5547933583
    0.0000000000    0.5864814458    0.4135185542
    1.1937252429    0.7612549514    0.4774900972
    0.0000000000    0.6991210570    0.5014649050
    0.5734470579    0.6559317653    0.4587576463
    0.5338501579    0.7864599368    0.5338501579
    0.1677084753
    0.9246555971    1.0000000000    0.5547933583
    1.1937252429    0.7612549514    0.4774900972
    2.0675927710    1.0000000000    0.4135185542
    1.0677003158    0.8932299684    0.5338501579
    1.7203411737    0.8853105884    0.4587576463
    1.5043947151    1.0000000000    0.5014649050
    0.1485047135
    0.0000000000    0.8150688806    0.5547933583
    1.1937252429    0.7612549514    0.4774900972
    0.9246555971    1.0000000000    0.5547933583
    0.5338501579    0.7864599368    0.5338501579
    1.0677003158    0.8932299684    0.5338501579
    0.4743383129    0.9051323374    0.5692059755
    0.1452967415
    0.0000000000    0.5864814458    0.4135185542
    0.0000000000    0.4452066417    0.1849311194
    1.1937252429    0.5225099028    0.2387450486
    0.0000000000    0.4985350950    0.3008789430
    0.5338501579    0.4661498421    0.2135400632
    0.5734470579    0.5412423537    0.3440682347
    0.1677084753
    0.0000000000    0.4452066417    0.1849311194
    0.0000000000    0.4151964524    0.0000000000
    0.9246555972    0.4452066417    0.0000000000
    0.0000000000    0.4210740241    0.0827037108
    0.4135185542    0.4210740241    0.0000000000
    0.4743383129    0.4307940245    0.0948676626
    0.0892638948
    1.1937252429    0.5225099028    0.2387450486
    0.9246555972    0.4452066417    0.0000000000
    2.0675927710    0.5864814458    0.0000000000
    1.0677003158    0.4661498421    0.1067700316
    1.5043947151    0.4985350950    0.0000000000
    1.7203411737    0.5412423537    0.1146894116
    0.1485047138
    0.0000000000    0.4452066417    0.1849311194
    0.9246555972    0.4452066417    0.0000000000
    1.1937252429    0.5225099028    0.2387450486
    0.4743383129    0.4307940245    0.0948676626
    1.0677003158    0.4661498421    0.1067700316
    0.5338501579    0.4661498421    0.2135400632
    0.1452967415
    2.0675927710    1.0000000000    0.4135185542
    2.3874504858    0.7612549514    0.2387450486
    2.7739667914    1.0000000000    0.1849311194
    2.2937882316    0.8853105884    0.3440682347
    2.6692507896    0.8932299684    0.2135400632
    2.5073245252    1.0000000000    0.3008789430
    0.0944492957
    2.3874504858    0.7612549514    0.2387450486
    2.0675927710    0.5864814458    0.0000000000
    2.7739667914    0.8150688806    0.0000000000
    2.2937882316    0.6559317653    0.1146894116
    2.5073245252    0.6991210570    0.0000000000
    2.6692507896    0.7864599368    0.1067700316
    0.0944492962
    2.7739667914    1.0000000000    0.1849311194
    2.7739667914    0.8150688806    0.0000000000
    2.9240177382    1.0000000000    0.0000000000
    2.8460298774    0.9051323374    0.0948676626
    2.8946298794    0.9172962892    0.0000000000
    2.8946298794    1.0000000000    0.0827037108
    0.0240654414
    2.3874504858    0.7612549514    0.2387450486
    2.7739667914    0.8150688806    0.0000000000
    2.7739667914    1.0000000000    0.1849311194
    2.6692507896    0.7864599368    0.1067700316
    2.8460298774    0.9051323374    0.0948676626
    2.6692507896    0.8932299684    0.2135400632
    0.0612340828
    0.0000000000    0.5864814458    0.4135185542
    1.1937252429    0.5225099028    0.2387450486
    1.1937252429    0.7612549514    0.4774900972
    0.5734470579    0.5412423537    0.3440682347
    1.2468053528    0.6259583942    0.3740416059
    0.5734470579    0.6559317653    0.4587576463
    0.2156245099
    1.1937252429    0.5225099028    0.2387450486
    2.0675927710    0.5864814458    0.0000000000
    2.3874504858    0.7612549514    0.2387450486
    1.7203411737    0.5412423537    0.1146894116
    2.2937882316    0.6559317653    0.1146894116
    1.8702080293    0.6259583942    0.2493610706
    0.1689405051
    1.1937252429    0.7612549514    0.4774900972
    2.3874504858    0.7612549514    0.2387450486
    2.0675927710    1.0000000000    0.4135185542
    1.8702080293    0.7506389294    0.3740416059
    2.2937882316    0.8853105884    0.3440682347
    1.7203411737    0.8853105884    0.4587576463
    0.1689405051
    1.1937252429    0.5225099028    0.2387450486
    2.3874504858    0.7612549514    0.2387450486
    1.1937252429    0.7612549514    0.4774900972
    1.8702080293    0.6259583942    0.2493610706
    1.8702080293    0.7506389294    0.3740416059
    1.2468053528    0.6259583942    0.3740416059
    0.2177986509
   -0.0000000000    1.5848035476    0.0000000000
   -0.0000000000    1.5547933583    0.1849311194
    0.9246555971    1.5547933583    0.0000000000
   -0.0000000000    1.5789259759    0.0827037108
    0.4743383129    1.5692059755    0.0948676626
    0.4135185542    1.5789259759    0.0000000000
    0.0892638948
   -0.0000000000    1.5547933583    0.1849311194
   -0.0000000000    1.4135185542    0.4135185542
    1.1937252429    1.4774900972    0.2387450486
   -0.0000000000    1.5014649050    0.3008789430
    0.5734470579    1.4587576463    0.3440682347
    0.5338501579    1.5338501579    0.2135400632
    0.1677084753
    0.9246555971    1.5547933583    0.0000000000
    1.1937252429    1.4774900972    0.2387450486
    2.0675927710    1.4135185542    0.0000000000
    1.0677003158    1.5338501579    0.1067700316
    1.7203411737    1.4587576463    0.1146894116
    1.5043947151    1.5014649050    0.0000000000
    0.1485047135
   -0.0000000000    1.5547933583    0.1849311194
    1.1937252429    1.4774900972    0.2387450486
    0.9246555971    1.5547933583    0.0000000000
    0.5338501579    1.5338501579    0.2135400632
    1.0677003158    1.5338501579    0.1067700316
    0.4743383129    1.5692059755    0.0948676626
    0.1452967415
   -0.0000000000    1.4135185542    0.4135185542
   -0.0000000000    1.1849311194    0.5547933583
    1.1937252429    1.2387450486    0.4774900972
   -0.0000000000    1.3008789430    0.5014649050
    0.5338501579    1.2135400632    0.5338501579
    0.5734470579    1.3440682347    0.4587576463
    0.1677084753
   -0.0000000000    1.1849311194    0.5547933583
    0.0000000000    1.0000000000    0.5848035476
    0.9246555971    1.0000000000    0.5547933583
   -0.0000000000    1.0827037108    0.5789259759
    0.4135185542    1.0000000000    0.5789259759
    0.4743383129    1.0948676626    0.5692059755
    0.0892638948
    1.1937252429    1.2387450486    0.4774900972
    0.9246555971    1.0000000000    0.5547933583
    2.0675927710    1.0000000000    0.4135185542
    1.0677003158    1.1067700316    0.5338501579
    1.5043947151    1.0000000000    0.5014649050
    1.7203411737    1.1146894116    0.4587576463
    0.1485047138
   -0.0000000000    1.1849311194    0.5547933583
    0.9246555971    1.0000000000    0.5547933583
    1.1937252429    1.2387450486    0.4774900972
    0.4743383129    1.0948676626    0.5692059755
    1.0677003158    1.1067700316    0.5338501579
    0.5338501579    1.2135400632    0.5338501579
    0.1452967415
    2.0675927710    1.4135185542    0.0000000000
    2.3874504858    1.2387450486    0.2387450486
    2.7739667914    1.1849311194    0.0000000000
    2.2937882316    1.3440682347    0.1146894116
    2.6692507896    1.2135400632    0.1067700316
    2.5073245252    1.3008789430    0.0000000000
    0.0944492957
    2.3874504858    1.2387450486    0.2387450486
    2.0675927710    1.0000000000    0.4135185542
    2.7739667914    1.0000000000    0.1849311194
    2.2937882316    1.1146894116    0.3440682347
    2.5073245252    1.0000000000    0.3008789430
    2.6692507896    1.1067700316    0.2135400632
    0.0944492962
    2.7739667914    1.1849311194    0.0000000000
    2.7739667914    1.0000000000    0.1849311194
    2.9240177382    1.0000000000    0.0000000000
    2.8460298774    1.0948676626    0.0948676626
    2.8946298794    1.0000000000    0.0827037108
    2.8946298794    1.0827037109    0.0000000000
    0.0240654414
    2.3874504858    1.2387450486    0.2387450486
    2.7739667914    1.0000000000    0.1849311194
    2.7739667914    1.1849311194    0.0000000000
    2.6692507896    1.1067700316    0.2135400632
    2.8460298774    1.0948676626    0.0948676626
    2.6692507896    1.2135400632    0.1067700316
    0.0612340828
   -0.0000000000    1.4135185542    0.4135185542
    1.1937252429    1.2387450486    0.4774900972
    1.1937252429    1.4774900972    0.2387450486
    0.5734470579    1.3440682347    0.4587576463
    1.2468053528    1.3740416059    0.3740416059
    0.5734470579    1.4587576463    0.3440682347
    0.2156245099
    1.1937252429    1.2387450486    0.4774900972
    2.0675927710    1.0000000000    0.4135185542
    2.3874504858    1.2387450486    0.2387450486
    1.7203411737    1.1146894116    0.4587576463
    2.2937882316    1.1146894116    0.3440682347
    1.8702080293    1.2493610706    0.3740416059
    0.1689405051
    1.1937252429    1.4774900972    0.2387450486
    2.3874504858    1.2387450486    0.2387450486
    2.0675927710    1.4135185542    0.0000000000
    1.8702080293    1.3740416059    0.2493610706
    2.2937882316    1.3440682347    0.1146894116
    1.7203411737    1.4587576463    0.1146894116
    0.1689405051
    1.1937252429    1.2387450486    0.4774900972
    2.3874504858    1.2387450486    0.2387450486
    1.1937252429    1.4774900972    0.2387450486
    1.8702080293    1.2493610706    0.3740416059
    1.8702080293    1.3740416059    0.2493610706
    1.2468053528    1.3740416059    0.3740416059
    0.2177986509
   -0.0000000000    1.5848035476    0.0000000000
   -0.9246555972    1.5547933583    0.0000000000
   -0.0000000000    1.5547933583    0.1849311194
   -0.4135185542    1.5789259759    0.0000000000
   -0.4743383129    1.5692059755    0.0948676626
   -0.0000000000    1.5789259759    0.0827037108
    0.0892638948
   -0.9246555972    1.5547933583    0.0000000000
   -2.0675927710    1.4135185542    0.0000000000
   -1.1937252429    1.4774900972    0.2387450486
   -1.5043947151    1.5014649050    0.0000000000
   -1.7203411737    1.4587576463    0.1146894116
   -1.0677003158    1.5338501579    0.1067700316
    0.1485047135
   -0.0000000000    1.5547933583    0.1849311194
   -1.1937252429    1.4774900972    0.2387450486
   -0.0000000000    1.4135185542    0.4135185542
   -0.5338501579    1.5338501579    0.2135400632
   -0.5734470579    1.4587576463    0.3440682347
   -0.0000000000    1.5014649050    0.3008789430
    0.1677084753
   -0.9246555972    1.5547933583    0.0000000000
   -1.1937252429    1.4774900972    0.2387450486
   -0.0000000000    1.5547933583    0.1849311194
   -1.0677003158    1.5338501579    0.1067700316
   -0.5338501579    1.5338501579    0.2135400632
   -0.4743383129    1.5692059755    0.0948676626
    0.1452967413
   -2.0675927710    1.4135185542    0.0000000000
   -2.7739667914    1.1849311194    0.0000000000
   -2.3874504858    1.2387450486    0.2387450486
   -2.5073245252    1.3008789430    0.0000000000
   -2.6692507896    1.2135400632    0.1067700316
   -2.2937882316    1.3440682347    0.1146894116
    0.0944492957
   -2.7739667914    1.1849311194    0.0000000000
   -2.9240177382    1.0000000000    0.0000000000
   -2.7739667914    1.0000000000    0.1849311194
   -2.8946298794    1.0827037108    0.0000000000
   -2.8946298794    1.0000000000    0.0827037108
   -2.8460298774    1.0948676626    0.0948676626
    0.0240654414
   -2.3874504858    1.2387450486    0.2387450486
   -2.7739667914    1.0000000000    0.1849311194
   -2.0675927710    1.0000000000    0.4135185542
   -2.6692507896    1.1067700316    0.2135400632
   -2.5073245252    1.0000000000    0.3008789430
   -2.2937882316    1.1146894116    0.3440682347
    0.0944492962
   -2.7739667914    1.1849311194    0.0000000000
   -2.7739667914    1.0000000000    0.1849311194
   -2.3874504858    1.2387450486    0.2387450486
   -2.8460298774    1.0948676626    0.0948676626
   -2.6692507896    1.1067700316    0.2135400632
   -2.6692507896    1.2135400632    0.1067700316
    0.0612340832
   -0.0000000000    1.4135185542    0.4135185542
   -1.1937252429    1.2387450486    0.4774900972
   -0.0000000000    1.1849311194    0.5547933583
   -0.5734470579    1.3440682347    0.4587576463
   -0.5338501579    1.2135400632    0.5338501579
   -0.0000000000    1.3008789430    0.5014649050
    0.1677084753
   -1.1937252429    1.2387450486    0.4774900972
   -2.0675927710    1.0000000000    0.4135185542
   -0.9246555971    1.0000000000    0.5547933583
   -1.7203411737    1.1146894116    0.4587576463
   -1.5043947151    1.0000000000    0.5014649050
   -1.0677003158    1.1067700316    0.5338501579
    0.1485047138
   -0.0000000000    1.1849311194    0.5547933583
   -0.9246555971    1.0000000000    0.5547933583
    0.0000000000    1.0000000000    0.5848035476
   -0.4743383129    1.0948676626    0.5692059755
   -0.4135185542    1.0000000000    0.5789259759
   -0.0000000000    1.0827037108    0.5789259759
    0.0892638948
   -1.1937252429    1.2387450486    0.4774900972
   -0.9246555971    1.0000000000    0.5547933583
   -0.0000000000    1.1849311194    0.5547933583
   -1.0677003158    1.1067700316    0.5338501579
   -0.4743383129    1.0948676626    0.5692059755
   -0.5338501579    1.2135400632    0.5338501579
    0.1452967417
   -2.0675927710    1.4135185542    0.0000000000
   -2.3874504858    1.2387450486    0.2387450486
   -1.1937252429    1.4774900972    0.2387450486
   -2.2937882316    1.3440682347    0.1146894116
   -1.8702080293    1.3740416058    0.2493610706
   -1.7203411737    1.4587576463    0.1146894116
    0.1689405050
   -2.3874504858    1.2387450486    0.2387450486
   -2.0675927710    1.0000000000    0.4135185542
   -1.1937252429    1.2387450486    0.4774900972
   -2.2937882316    1.1146894116    0.3440682347
   -1.7203411737    1.1146894116    0.4587576463
   -1.8702080293    1.2493610706    0.3740416059
    0.1689405061
   -1.1937252429    1.4774900972    0.2387450486
   -1.1937252429    1.2387450486    0.4774900972
   -0.0000000000    1.4135185542    0.4135185542
   -1.2468053528    1.3740416058    0.3740416059
   -0.5734470579    1.3440682347    0.4587576463
   -0.5734470579    1.4587576463    0.3440682347
    0.2156245101
   -2.3874504858    1.2387450486    0.2387450486
   -1.1937252429    1.2387450486    0.4774900972
   -1.1937252429    1.4774900972    0.2387450486
   -1.8702080293    1.2493610706    0.3740416059
   -1.2468053528    1.3740416058    0.3740416059
   -1.8702080293    1.3740416058    0.2493610706
    0.2177986517
    0.0000000000    1.0000000000    0.5848035476
   -0.9246555971    1.0000000000    0.5547933583
    0.0000000000    0.8150688806    0.5547933583
   -0.4135185542    1.0000000000    0.5789259759
   -0.4743383129    0.9051323374    0.5692059755
    0.0000000000    0.9172962892    0.5789259759
    0.0892638948
   -0.9246555971    1.0000000000    0.5547933583
   -2.0675927710    1.0000000000    0.4135185542
   -1.1937252429    0.7612549514    0.4774900972
   -1.5043947151    1.0000000000    0.5014649050
   -1.7203411737    0.8853105884    0.4587576463
   -1.0677003158    0.8932299684    0.5338501579
    0.1485047135
    0.0000000000    0.8150688806    0.5547933583
   -1.1937252429    0.7612549514    0.4774900972
    0.0000000000    0.5864814458    0.4135185542
   -0.5338501579    0.7864599368    0.5338501579
   -0.5734470579    0.6559317653    0.4587576463
    0.0000000000    0.6991210570    0.5014649050
    0.1677084753
   -0.9246555971    1.0000000000    0.5547933583
   -1.1937252429    0.7612549514    0.4774900972
    0.0000000000    0.8150688806    0.5547933583
   -1.0677003158    0.8932299684    0.5338501579
   -0.5338501579    0.7864599368    0.5338501579
   -0.4743383129    0.9051323374    0.5692059755
    0.1452967413
   -2.0675927710    1.0000000000    0.4135185542
   -2.7739667914    1.0000000000    0.1849311194
   -2.3874504858    0.7612549514    0.2387450486
   -2.5073245252    1.0000000000    0.3008789430
   -2.6692507896    0.8932299684    0.2135400632
   -2.2937882316    0.8853105884    0.3440682347
    0.0944492957
   -2.7739667914    1.0000000000    0.1849311194
   -2.9240177382    1.0000000000    0.0000000000
   -2.7739667914    0.8150688806    0.0000000000
   -2.8946298794    1.0000000000    0.0827037108
   -2.8946298794    0.9172962891    0.0000000000
   -2.8460298774    0.9051323374    0.0948676626
    0.0240654414
   -2.3874504858    0.7612549514    0.2387450486
   -2.7739667914    0.8150688806    0.0000000000
   -2.0675927710    0.5864814458    0.0000000000
   -2.6692507896    0.7864599368    0.1067700316
   -2.5073245252    0.6991210570    0.0000000000
   -2.2937882316    0.6559317653    0.1146894116
    0.0944492962
   -2.7739667914    1.0000000000    0.1849311194
   -2.7739667914    0.8150688806    0.0000000000
   -2.3874504858    0.7612549514    0.2387450486
   -2.8460298774    0.9051323374    0.0948676626
   -2.6692507896    0.7864599368    0.1067700316
   -2.6692507896    0.8932299684    0.2135400632
    0.0612340832
    0.0000000000    0.5864814458    0.4135185542
   -1.1937252429    0.5225099028    0.2387450486
    0.0000000000    0.4452066417    0.1849311194
   -0.5734470579    0.5412423537    0.3440682347
   -0.5338501579    0.4661498421    0.2135400632
    0.0000000000    0.4985350950    0.3008789430
    0.1677084753
   -1.1937252429    0.5225099028    0.2387450486
   -2.0675927710    0.5864814458    0.0000000000
   -0.9246555971    0.4452066417    0.0000000000
   -1.7203411737    0.5412423537    0.1146894116
   -1.5043947151    0.4985350950    0.0000000000
   -1.0677003158    0.4661498421    0.1067700316
    0.1485047138
    0.0000000000    0.4452066417    0.1849311194
   -0.9246555971    0.4452066417    0.0000000000
    0.0000000000    0.4151964524    0.0000000000
   -0.4743383129    0.4307940245    0.0948676626
   -0.4135185542    0.4210740241    0.0000000000
    0.0000000000    0.4210740241    0.0827037108
    0.0892638948
   -1.1937252429    0.5225099028    0.2387450486
   -0.9246555971    0.4452066417    0.0000000000
    0.0000000000    0.4452066417    0.1849311194
   -1.0677003158    0.4661498421    0.1067700316
   -0.4743383129    0.4307940245    0.0948676626
   -0.5338501579    0.4661498421    0.2135400632
    0.1452967417
   -2.0675927710    1.0000000000    0.4135185542
   -2.3874504858    0.7612549514    0.2387450486
   -1.1937252429    0.7612549514    0.4774900972
   -2.2937882316    0.8853105884    0.3440682347
   -1.8702080293    0.7506389294    0.3740416059
   -1.7203411737    0.8853105884    0.4587576463
    0.1689405050
   -2.3874504858    0.7612549514    0.2387450486
   -2.0675927710    0.5864814458    0.0000000000
   -1.1937252429    0.5225099028    0.2387450486
   -2.2937882316    0.6559317653    0.1146894116
   -1.7203411737    0.5412423537    0.1146894116
   -1.8702080293    0.6259583941    0.2493610706
    0.1689405061
   -1.1937252429    0.7612549514    0.4774900972
   -1.1937252429    0.5225099028    0.2387450486
    0.0000000000    0.5864814458    0.4135185542
   -1.2468053528    0.6259583941    0.3740416059
   -0.5734470579    0.5412423537    0.3440682347
   -0.5734470579    0.6559317653    0.4587576463
    0.2156245101
   -2.3874504858    0.7612549514    0.2387450486
   -1.1937252429    0.5225099028    0.2387450486
   -1.1937252429    0.7612549514    0.4774900972
   -1.8702080293    0.6259583941    0.2493610706
   -1.2468053528    0.6259583941    0.3740416059
   -1.8702080293    0.7506389294    0.3740416059
    0.2177986517
    0.0000000000    0.4151964524    0.0000000000
    0.0000000000    0.4452066417   -0.1849311194
    0.9246555972    0.4452066417    0.0000000000
    0.0000000000    0.4210740241   -0.0827037108
    0.4743383129    0.4307940245   -0.0948676626
    0.4135185542    0.4210740241    0.0000000000
    0.0892638948
    0.0000000000    0.4452066417   -0.1849311194
    0.0000000000    0.5864814458   -0.4135185542
    1.1937252429    0.5225099028   -0.2387450486
    0.0000000000    0.4985350950   -0.3008789430
    0.5734470579    0.5412423537   -0.3440682347
    0.5338501579    0.4661498421   -0.2135400632
    0.1677084753
    0.9246555972    0.4452066417    0.0000000000
    1.1937252429    0.5225099028   -0.2387450486
    2.0675927710    0.5864814458    0.0000000000
    1.0677003158    0.4661498421   -0.1067700316
    1.7203411737    0.5412423537   -0.1146894116
    1.5043947151    0.4985350950    0.0000000000
    0.1485047135
    0.0000000000    0.4452066417   -0.1849311194
    1.1937252429    0.5225099028   -0.2387450486
    0.9246555972    0.4452066417    0.0000000000
    0.5338501579    0.4661498421   -0.2135400632
    1.0677003158    0.4661498421   -0.1067700316
    0.4743383129    0.4307940245   -0.0948676626
    0.1452967415
    0.0000000000    0.5864814458   -0.4135185542
    0.0000000000    0.8150688806   -0.5547933583
    1.1937252429    0.7612549514   -0.4774900972
    0.0000000000    0.6991210570   -0.5014649050
    0.5338501579    0.7864599368   -0.5338501579
    0.5734470579    0.6559317653   -0.4587576463
    0.1677084753
    0.0000000000    0.8150688806   -0.5547933583
    0.0000000000    1.0000000000   -0.5848035476
    0.9246555971    1.0000000000   -0.5547933583
    0.0000000000    0.9172962892   -0.5789259759
    0.4135185542    1.0000000000   -0.5789259759
    0.4743383129    0.9051323374   -0.5692059755
    0.0892638948
    1.1937252429    0.7612549514   -0.4774900972
    0.9246555971    1.0000000000   -0.5547933583
    2.0675927710    1.0000000000   -0.4135185542
    1.0677003158    0.8932299684   -0.5338501579
    1.5043947151    1.0000000000   -0.5014649050
    1.7203411737    0.8853105884   -0.4587576463
    0.1485047138
    0.0000000000    0.8150688806   -0.5547933583
    0.9246555971    1.0000000000   -0.5547933583
    1.1937252429    0.7612549514   -0.4774900972
    0.4743383129    0.9051323374   -0.5692059755
    1.0677003158    0.8932299684   -0.5338501579
    0.5338501579    0.7864599368   -0.5338501579
    0.1452967415
    2.0675927710    0.5864814458    0.0000000000
    2.3874504858    0.7612549514   -0.2387450486
    2.7739667914    0.8150688806    0.0000000000
    2.2937882316    0.6559317653   -0.1146894116
    2.6692507896    0.7864599368   -0.1067700316
    2.5073245252    0.6991210570    0.0000000000
    0.0944492957
    2.3874504858    0.7612549514   -0.2387450486
    2.0675927710    1.0000000000   -0.4135185542
    2.7739667914    1.0000000000   -0.1849311194
    2.2937882316    0.8853105884   -0.3440682347
    2.5073245252    1.0000000000   -0.3008789430
    2.6692507896    0.8932299684   -0.2135400632
    0.0944492962
    2.7739667914    0.8150688806    0.0000000000
    2.7739667914    1.0000000000   -0.1849311194
    2.9240177382    1.0000000000    0.0000000000
    2.8460298774    0.9051323374   -0.0948676626
    2.8946298794    1.0000000000   -0.0827037108
    2.8946298794    0.9172962892    0.0000000000
    0.0240654414
    2.3874504858    0.7612549514   -0.2387450486
    2.7739667914    1.0000000000   -0.1849311194
    2.7739667914    0.8150688806    0.0000000000
    2.6692507896    0.8932299684   -0.2135400632
    2.8460298774    0.9051323374   -0.0948676626
    2.6692507896    0.7864599368   -0.1067700316
    0.0612340828
    0.0000000000    0.5864814458   -0.4135185542
    1.1937252429    0.7612549514   -0.4774900972
    1.1937252429    0.5225099028   -0.2387450486
    0.5734470579    0.6559317653   -0.4587576463
    1.2468053528    0.6259583942   -0.3740416059
    0.5734470579    0.5412423537   -0.3440682347
    0.2156245099
    1.1937252429    0.7612549514   -0.4774900972
    2.0675927710    1.0000000000   -0.4135185542
    2.3874504858    0.7612549514   -0.2387450486
    1.7203411737    0.8853105884   -0.4587576463
    2.2937882316    0.8853105884   -0.3440682347
    1.8702080293    0.7506389294   -0.3740416059
    0.1689405051
    1.1937252429    0.5225099028   -0.2387450486
    2.3874504858    0.7612549514   -0.2387450486
    2.0675927710    0.5864814458    0.0000000000
    1.8702080293    0.6259583942   -0.2493610706
    2.2937882316    0.6559317653   -0.1146894116
    1.7203411737    0.5412423537   -0.1146894116
    0.1689405051
    1.1937252429    0.7612549514   -0.4774900972
    2.3874504858    0.7612549514   -0.2387450486
    1.1937252429    0.5225099028   -0.2387450486
    1.8702080293    0.7506389294   -0.3740416059
    1.8702080293    0.6259583942   -0.2493610706
    1.2468053528    0.6259583942   -0.3740416059
    0.2177986509
    0.0000000000    1.0000000000   -0.5848035476
   -0.0000000000    1.1849311194   -0.5547933583
    0.9246555971    1.0000000000   -0.5547933583
   -0.0000000000    1.0827037108   -0.5789259759
    0.4743383129    1.0948676626   -0.5692059755
    0.4135185542    1.0000000000   -0.5789259759
    0.0892638948
   -0.0000000000    1.1849311194   -0.5547933583
   -0.0000000000    1.4135185542   -0.4135185542
    1.1937252429    1.2387450486   -0.4774900972
   -0.0000000000    1.3008789430   -0.5014649050
    0.5734470579    1.3440682347   -0.4587576463
    0.5338501579    1.2135400632   -0.5338501579
    0.1677084753
    0.9246555971    1.0000000000   -0.5547933583
    1.1937252429    1.2387450486   -0.4774900972
    2.0675927710    1.0000000000   -0.4135185542
    1.0677003158    1.1067700316   -0.5338501579
    1.7203411737    1.1146894116   -0.4587576463
    1.5043947151    1.0000000000   -0.5014649050
    0.1485047135
   -0.0000000000    1.1849311194   -0.5547933583
    1.1937252429    1.2387450486   -0.4774900972
    0.9246555971    1.0000000000   -0.5547933583
    0.5338501579    1.2135400632   -0.5338501579
    1.0677003158    1.1067700316   -0.5338501579
    0.4743383129    1.0948676626   -0.5692059755
    0.1452967415
   -0.0000000000    1.4135185542   -0.4135185542
   -0.0000000000    1.5547933583   -0.1849311194
    1.1937252429    1.4774900972   -0.2387450486
   -0.0000000000    1.5014649050   -0.3008789430
    0.5338501579    1.5338501579   -0.2135400632
    0.5734470579    1.4587576463   -0.3440682347
    0.1677084753
   -0.0000000000    1.5547933583   -0.1849311194
   -0.0000000000    1.5848035476    0.0000000000
    0.9246555971    1.5547933583    0.0000000000
   -0.0000000000    1.5789259759   -0.0827037108
    0.4135185542    1.5789259759    0.0000000000
    0.4743383129    1.5692059755   -0.0948676626
    0.0892638948
    1.1937252429    1.4774900972   -0.2387450486
    0.9246555971    1.5547933583    0.0000000000
    2.0675927710    1.4135185542    0.0000000000
    1.0677003158    1.5338501579   -0.1067700316
    1.5043947151    1.5014649050    0.0000000000
    1.7203411737    1.4587576463   -0.1146894116
    0.1485047138
   -0.0000000000    1.5547933583   -0.1849311194
    0.9246555971    1.5547933583    0.0000000000
    1.1937252429    1.4774900972   -0.2387450486
    0.4743383129    1.5692059755   -0.0948676626
    1.0677003158    1.5338501579   -0.1067700316
    0.5338501579    1.5338501579   -0.2135400632
    0.1452967415
    2.0675927710    1.0000000000   -0.4135185542
    2.3874504858    1.2387450486   -0.2387450486
    2.7739667914    1.0000000000   -0.1849311194
    2.2937882316    1.1146894116   -0.3440682347
    2.6692507896    1.1067700316   -0.2135400632
    2.5073245252    1.0000000000   -0.3008789430
    0.0944492957
    2.3874504858    1.2387450486   -0.2387450486
    2.0675927710    1.4135185542    0.0000000000
    2.7739667914    1.1849311194    0.0000000000
    2.2937882316    1.3440682347   -0.1146894116
    2.5073245252    1.3008789430    0.0000000000
    2.6692507896    1.2135400632   -0.1067700316
    0.0944492962
    2.7739667914    1.0000000000   -0.1849311194
    2.7739667914    1.1849311194    0.0000000000
    2.9240177382    1.0000000000    0.0000000000
    2.8460298774    1.0948676626   -0.0948676626
    2.8946298794    1.0827037109    0.0000000000
    2.8946298794    1.0000000000   -0.0827037108
    0.0240654414
    2.3874504858    1.2387450486   -0.2387450486
    2.7739667914    1.1849311194    0.0000000000
    2.7739667914    1.0000000000   -0.1849311194
    2.6692507896    1.2135400632   -0.1067700316
    2.8460298774    1.0948676626   -0.0948676626
    2.6692507896    1.1067700316   -0.2135400632
    0.0612340828
   -0.0000000000    1.4135185542   -0.4135185542
    1.1937252429    1.4774900972   -0.2387450486
    1.1937252429    1.2387450486   -0.4774900972
    0.5734470579    1.4587576463   -0.3440682347
    1.2468053528    1.3740416059   -0.3740416059
    0.5734470579    1.3440682347   -0.4587576463
    0.2156245099
    1.1937252429    1.4774900972   -0.2387450486
    2.0675927710    1.4135185542    0.0000000000
    2.3874504858    1.2387450486   -0.2387450486
    1.7203411737    1.4587576463   -0.1146894116
    2.2937882316    1.3440682347   -0.1146894116
    1.8702080293    1.3740416059   -0.2493610706
    0.1689405051
    1.1937252429    1.2387450486   -0.4774900972
    2.3874504858    1.2387450486   -0.2387450486
    2.0675927710    1.0000000000   -0.4135185542
    1.8702080293    1.2493610706   -0.3740416059
    2.2937882316    1.1146894116   -0.3440682347
    1.7203411737    1.1146894116   -0.4587576463
    0.1689405051
    1.1937252429    1.4774900972   -0.2387450486
    2.3874504858    1.2387450486   -0.2387450486
    1.1937252429    1.2387450486   -0.4774900972
    1.8702080293    1.3740416059   -0.2493610706
    1.8702080293    1.2493610706   -0.3740416059
    1.2468053528    1.3740416059   -0.3740416059
    0.2177986509
    0.0000000000    1.0000000000   -0.5848035476
   -0.9246555971    1.0000000000   -0.5547933583
   -0.0000000000    1.1849311194   -0.5547933583
   -0.4135185542    1.0000000000   -0.5789259759
   -0.4743383129    1.0948676626   -0.5692059755
   -0.0000000000    1.0827037108   -0.5789259759
    0.0892638948
   -0.9246555971    1.0000000000   -0.5547933583
   -2.0675927710    1.0000000000   -0.4135185542
   -1.1937252429    1.2387450486   -0.4774900972
   -1.5043947151    1.0000000000   -0.5014649050
   -1.7203411737    1.1146894116   -0.4587576463
   -1.0677003158    1.1067700316   -0.5338501579
    0.1485047135
   -0.0000000000    1.1849311194   -0.5547933583
   -1.1937252429    1.2387450486   -0.4774900972
   -0.0000000000    1.4135185542   -0.4135185542
   -0.5338501579    1.2135400632   -0.5338501579
   -0.5734470579    1.3440682347   -0.4587576463
   -0.0000000000    1.3008789430   -0.5014649050
    0.1677084753
   -0.9246555971    1.0000000000   -0.5547933583
   -1.1937252429    1.2387450486   -0.4774900972
   -0.0000000000    1.1849311194   -0.5547933583
   -1.0677003158    1.1067700316   -0.5338501579
   -0.5338501579    1.2135400632   -0.5338501579
   -0.4743383129    1.0948676626   -0.5692059755
    0.1452967413
   -2.0675927710    1.0000000000   -0.4135185542
   -2.7739667914    1.0000000000   -0.1849311194
   -2.3874504858    1.2387450486   -0.2387450486
   -2.5073245252    1.0000000000   -0.3008789430
   -2.6692507896    1.1067700316   -0.2135400632
   -2.2937882316    1.1146894116   -0.3440682347
    0.0944492957
   -2.7739667914    1.0000000000   -0.1849311194
   -2.9240177382    1.0000000000    0.0000000000
   -2.7739667914    1.1849311194    0.0000000000
   -2.8946298794    1.0000000000   -0.0827037108
   -2.8946298794    1.0827037108    0.0000000000
   -2.8460298774    1.0948676626   -0.0948676626
    0.0240654414
   -2.3874504858    1.2387450486   -0.2387450486
   -2.7739667914    1.1849311194    0.0000000000
   -2.0675927710    1.4135185542    0.0000000000
   -2.6692507896    1.2135400632   -0.1067700316
   -2.5073245252    1.3008789430    0.0000000000
   -2.2937882316    1.3440682347   -0.1146894116
    0.0944492962
   -2.7739667914    1.0000000000   -0.1849311194
   -2.7739667914    1.1849311194    0.0000000000
   -2.3874504858    1.2387450486   -0.2387450486
   -2.8460298774    1.0948676626   -0.0948676626
   -2.6692507896    1.2135400632   -0.1067700316
   -2.6692507896    1.1067700316   -0.2135400632
    0.0612340832
   -0.0000000000    1.4135185542   -0.4135185542
   -1.1937252429    1.4774900972   -0.2387450486
   -0.0000000000    1.5547933583   -0.1849311194
   -0.5734470579    1.4587576463   -0.3440682347
   -0.5338501579    1.5338501579   -0.2135400632
   -0.0000000000    1.5014649050   -0.3008789430
    0.1677084753
   -1.1937252429    1.4774900972   -0.2387450486
   -2.0675927710    1.4135185542    0.0000000000
   -0.9246555972    1.5547933583    0.0000000000
   -1.7203411737    1.4587576463   -0.1146894116
   -1.5043947151    1.5014649050    0.0000000000
   -1.0677003158    1.5338501579   -0.1067700316
    0.1485047138
   -0.0000000000    1.5547933583   -0.1849311194
   -0.9246555972    1.5547933583    0.0000000000
   -0.0000000000    1.5848035476    0.0000000000
   -0.4743383129    1.5692059755   -0.0948676626
   -0.4135185542    1.5789259759    0.0000000000
   -0.0000000000    1.5789259759   -0.0827037108
    0.0892638948
   -1.1937252429    1.4774900972   -0.2387450486
   -0.9246555972    1.5547933583    0.0000000000
   -0.0000000000    1.5547933583   -0.1849311194
   -1.0677003158    1.5338501579   -0.1067700316
   -0.4743383129    1.5692059755   -0.0948676626
   -0.5338501579    1.5338501579   -0.2135400632
    0.1452967417
   -2.0675927710    1.0000000000   -0.4135185542
   -2.3874504858    1.2387450486   -0.2387450486
   -1.1937252429    1.2387450486   -0.4774900972
   -2.2937882316    1.1146894116   -0.3440682347
   -1.8702080293    1.2493610706   -0.3740416059
   -1.7203411737    1.1146894116   -0.4587576463
    0.1689405050
   -2.3874504858    1.2387450486   -0.2387450486
   -2.0675927710    1.4135185542    0.0000000000
   -1.1937252429    1.4774900972   -0.2387450486
   -2.2937882316    1.3440682347   -0.1146894116
   -1.7203411737    1.4587576463   -0.1146894116
   -1.8702080293    1.3740416058   -0.2493610706
    0.1689405061
   -1.1937252429    1.2387450486   -0.4774900972
   -1.1937252429    1.4774900972   -0.2387450486
   -0.0000000000    1.4135185542   -0.4135185542
   -1.2468053528    1.3740416058   -0.3740416059
   -0.5734470579    1.4587576463   -0.3440682347
   -0.5734470579    1.3440682347   -0.4587576463
    0.2156245101
   -2.3874504858    1.2387450486   -0.2387450486
   -1.1937252429    1.4774900972   -0.2387450486
   -1.1937252429    1.2387450486   -0.4774900972
   -1.8702080293    1.3740416058   -0.2493610706
   -1.2468053528    1.3740416058   -0.3740416059
   -1.8702080293    1.2493610706   -0.3740416059
    0.2177986517
    0.0000000000    0.4151964524    0.0000000000
   -0.9246555971    0.4452066417    0.0000000000
    0.0000000000    0.4452066417   -0.1849311194
   -0.4135185542    0.4210740241    0.0000000000
   -0.4743383129    0.4307940245   -0.0948676626
    0.0000000000    0.4210740241   -0.0827037108
    0.0892638948
   -0.9246555971    0.4452066417    0.0000000000
   -2.0675927710    0.5864814458    0.0000000000
   -1.1937252429    0.5225099028   -0.2387450486
   -1.5043947151    0.4985350950    0.0000000000
   -1.7203411737    0.5412423537   -0.1146894116
   -1.0677003158    0.4661498421   -0.1067700316
    0.1485047135
    0.0000000000    0.4452066417   -0.1849311194
   -1.1937252429    0.5225099028   -0.2387450486
    0.0000000000    0.5864814458   -0.4135185542
   -0.5338501579    0.4661498421   -0.2135400632
   -0.5734470579    0.5412423537   -0.3440682347
    0.0000000000    0.4985350950   -0.3008789430
    0.1677084753
   -0.9246555971    0.4452066417    0.0000000000
   -1.1937252429    0.5225099028   -0.2387450486
    0.0000000000    0.4452066417   -0.1849311194
   -1.0677003158    0.4661498421   -0.1067700316
   -0.5338501579    0.4661498421   -0.2135400632
   -0.4743383129    0.4307940245   -0.0948676626
    0.1452967413
   -2.0675927710    0.5864814458    0.0000000000
   -2.7739667914    0.8150688806    0.0000000000
   -2.3874504858    0.7612549514   -0.2387450486
   -2.5073245252    0.6991210570    0.0000000000
   -2.6692507896    0.7864599368   -0.1067700316
   -2.2937882316    0.6559317653   -0.1146894116
    0.0944492957
   -2.7739667914    0.8150688806    0.0000000000
   -2.9240177382    1.0000000000    0.0000000000
   -2.7739667914    1.0000000000   -0.1849311194
   -2.8946298794    0.9172962891    0.0000000000
   -2.8946298794    1.0000000000   -0.0827037108
   -2.8460298774    0.9051323374   -0.0948676626
    0.0240654414
   -2.3874504858    0.7612549514   -0.2387450486
   -2.7739667914    1.0000000000   -0.1849311194
   -2.0675927710    1.0000000000   -0.4135185542
   -2.6692507896    0.8932299684   -0.2135400632
   -2.5073245252    1.0000000000   -0.3008789430
   -2.2937882316    0.8853105884   -0.3440682347
    0.0944492962
   -2.7739667914    0.8150688806    0.0000000000
   -2.7739667914    1.0000000000   -0.1849311194
   -2.3874504858    0.7612549514   -0.2387450486
   -2.8460298774    0.9051323374   -0.0948676626
   -2.6692507896    0.8932299684   -0.2135400632
   -2.6692507896    0.7864599368   -0.1067700316
    0.0612340832
    0.0000000000    0.5864814458   -0.4135185542
   -1.1937252429    0.7612549514   -0.4774900972
    0.0000000000    0.8150688806   -0.5547933583
   -0.5734470579    0.6559317653   -0.4587576463
   -0.5338501579    0.7864599368   -0.5338501579
    0.0000000000    0.6991210570   -0.5014649050
    0.1677084753
   -1.1937252429    0.7612549514   -0.4774900972
   -2.0675927710    1.0000000000   -0.4135185542
   -0.9246555971    1.0000000000   -0.5547933583
   -1.7203411737    0.8853105884   -0.4587576463
   -1.5043947151    1.0000000000   -0.5014649050
   -1.0677003158    0.8932299684   -0.5338501579
    0.1485047138
    0.0000000000    0.8150688806   -0.5547933583
   -0.9246555971    1.0000000000   -0.5547933583
    0.0000000000    1.0000000000   -0.5848035476
   -0.4743383129    0.9051323374   -0.5692059755
   -0.4135185542    1.0000000000   -0.5789259759
    0.0000000000    0.9172962892   -0.5789259759
    0.0892638948
   -1.1937252429    0.7612549514   -0.4774900972
   -0.9246555971    1.0000000000   -0.5547933583
    0.0000000000    0.8150688806   -0.5547933583
   -1.0677003158    0.8932299684   -0.5338501579
   -0.4743383129    0.9051323374   -0.5692059755
   -0.5338501579    0.7864599368   -0.5338501579
    0.1452967417
   -2.0675927710    0.5864814458    0.0000000000
   -2.3874504858    0.7612549514   -0.2387450486
   -1.1937252429    0.5225099028   -0.2387450486
   -2.2937882316    0.6559317653   -0.1146894116
   -1.8702080293    0.6259583941   -0.2493610706
   -1.7203411737    0.5412423537   -0.1146894116
    0.1689405050
   -2.3874504858    0.7612549514   -0.2387450486
   -2.0675927710    1.0000000000   -0.4135185542
   -1.1937252429    0.7612549514   -0.4774900972
   -2.2937882316    0.8853105884   -0.3440682347
   -1.7203411737    0.8853105884   -0.4587576463
   -1.8702080293    0.7506389294   -0.3740416059
    0.1689405061
   -1.1937252429    0.5225099028   -0.2387450486
   -1.1937252429    0.7612549514   -0.4774900972
    0.0000000000    0.5864814458   -0.4135185542
   -1.2468053528    0.6259583941   -0.3740416059
   -0.5734470579    0.6559317653   -0.4587576463
   -0.5734470579    0.5412423537   -0.3440682347
    0.2156245101
   -2.3874504858    0.7612549514   -0.2387450486
   -1.1937252429    0.7612549514   -0.4774900972
   -1.1937252429    0.5225099028   -0.2387450486
   -1.8702080293    0.7506389294   -0.3740416059
   -1.2468053528    0.6259583941   -0.3740416059
   -1.8702080293    0.6259583941   -0.2493610706
    0.2177986517

    0.3087384916    0.9357969437    0.5779110352
    0.3987672378    0.7088884238    0.5004700934
    1.4049974377    0.9161126952    0.5062274577
    0.7124333227    0.8586589583    0.5488980693
    0.3987672378    0.4995299066    0.2911115762
    0.3087384916    0.4220889648    0.0642030563
    1.4049974377    0.4937725424    0.0838873048
    0.7124333227    0.4511019307    0.1413410417
    2.4431352084    0.9172908828    0.3119225214
    2.4431352084    0.6880774786    0.0827091172
    2.8794097854    0.9292044749    0.0707955252
    2.6993378228    0.8378053204    0.1621946796
    0.8205532998    0.6034729734    0.3965270266
    1.9069577388    0.5858395011    0.1610077895
    1.9069577388    0.8389922105    0.4141604989
    1.6209494262    0.6560066368    0.3439933632
    0.3087384916    1.5779110352    0.0642030563
    0.3987672378    1.5004700934    0.2911115762
    1.4049974377    1.5062274577    0.0838873048
    0.7124333227    1.5488980693    0.1413410417
    0.3987672378    1.2911115762    0.5004700934
    0.3087384916    1.0642030563    0.5779110352
    1.4049974377    1.0838873048    0.5062274577
    0.7124333227    1.1413410417    0.5488980693
    2.4431352084    1.3119225214    0.0827091172
    2.4431352084    1.0827091172    0.3119225214
    2.8794097854    1.0707955252    0.0707955252
    2.6993378228    1.1621946796    0.1621946796
    0.8205532998    1.3965270266    0.3965270266
    1.9069577388    1.1610077895    0.4141604989
    1.9069577388    1.4141604989    0.1610077895
    1.6209494262    1.3439933632    0.3439933632
   -0.3087384916    1.5779110352    0.0642030563
   -1.4049974377    1.5062274576    0.0838873048
   -0.3987672378    1.5004700934    0.2911115762
   -0.7124333227    1.5488980693    0.1413410417
   -2.4431352084    1.3119225214    0.0827091172
   -2.8794097854    1.0707955251    0.0707955252
   -2.4431352084    1.0827091172    0.3119225214
   -2.6993378228    1.1621946796    0.1621946796
   -0.3987672378    1.2911115762    0.5004700934
   -1.4049974377    1.0838873048    0.5062274577
   -0.3087384916    1.0642030563    0.5779110352
   -0.7124333227    1.1413410417    0.5488980693
   -1.9069577388    1.4141604989    0.1610077895
   -1.9069577388    1.1610077895    0.4141604989
   -0.8205532998    1.3965270266    0.3965270266
   -1.6209494262    1.3439933632    0.3439933632
   -0.3087384916    0.9357969437    0.5779110352
   -1.4049974377    0.9161126952    0.5062274577
   -0.3987672378    0.7088884238    0.5004700934
   -0.7124333227    0.8586589583    0.5488980693
   -2.4431352084    0.9172908828    0.3119225214
   -2.8794097854    0.9292044748    0.0707955252
   -2.4431352084    0.6880774786    0.0827091172
   -2.6993378228    0.8378053204    0.1621946796
   -0.3987672378    0.4995299066    0.2911115762
   -1.4049974377    0.4937725423    0.0838873048
   -0.3087384916    0.4220889648    0.0642030563
   -0.7124333227    0.4511019307    0.1413410417
   -1.9069577388    0.8389922105    0.4141604989
   -1.9069577388    0.5858395011    0.1610077895
   -0.8205532998    0.6034729734    0.3965270266
   -1.6209494262    0.6560066368    0.3439933632
    0.3087384916    0.4220889648   -0.0642030563
    0.3987672378    0.4995299066   -0.2911115762
    1.4049974377    0.4937725424   -0.0838873048
    0.7124333227    0.4511019307   -0.1413410417
    0.3987672378    0.7088884238   -0.5004700934
    0.3087384916    0.9357969437   -0.5779110352
    1.4049974377    0.9161126952   -0.5062274577
    0.7124333227    0.8586589583   -0.5488980693
    2.4431352084    0.6880774786   -0.0827091172
    2.4431352084    0.9172908828   -0.3119225214
    2.8794097854    0.9292044749   -0.0707955252
    2.6993378228    0.8378053204   -0.1621946796
    0.8205532998    0.6034729734   -0.3965270266
    1.9069577388    0.8389922105   -0.4141604989
    1.9069577388    0.5858395011   -0.1610077895
    1.6209494262    0.6560066368   -0.3439933632
    0.3087384916    1.0642030563   -0.5779110352
    0.3987672378    1.2911115762   -0.5004700934
    1.4049974377    1.0838873048   -0.5062274577
    0.7124333227    1.1413410417   -0.5488980693
    0.3987672378    1.5004700934   -0.2911115762
    0.3087384916    1.5779110352   -0.0642030563
    1.4049974377    1.5062274577   -0.0838873048
    0.7124333227    1.5488980693   -0.1413410417
    2.4431352084    1.0827091172   -0.3119225214
    2.4431352084    1.3119225214   -0.0827091172
    2.8794097854    1.0707955252   -0.0707955252
    2.6993378228    1.1621946796   -0.1621946796
    0.8205532998    1.3965270266   -0.3965270266
    1.9069577388    1.4141604989   -0.1610077895
    1.9069577388    1.1610077895   -0.4141604989
    1.6209494262    1.3439933632   -0.3439933632
   -0.3087384916    1.0642030563   -0.5779110352
   -1.4049974377    1.0838873048   -0.5062274577
   -0.3987672378    1.2911115762   -0.5004700934
   -0.7124333227    1.1413410417   -0.5488980693
   -2.4431352084    1.0827091172   -0.3119225214
   -2.8794097854    1.0707955251   -0.0707955252
   -2.4431352084    1.3119225214   -0.0827091172
   -2.6993378228    1.1621946796   -0.1621946796
   -0.3987672378    1.5004700934   -0.2911115762
   -1.4049974377    1.5062274576   -0.0838873048
   -0.3087384916    1.5779110352   -0.0642030563
   -0.7124333227    1.5488980693   -0.1413410417
   -1.9069577388    1.1610077895   -0.4141604989
   -1.9069577388    1.4141604989   -0.1610077895
   -0.8205532998    1.3965270266   -0.3965270266
   -1.6209494262    1.3439933632   -0.3439933632
   -0.3087384916    0.4220889648   -0.0642030563
   -1.4049974377    0.4937725423   -0.0838873048
   -0.3987672378    0.4995299066   -0.2911115762
   -0.7124333227    0.4511019307   -0.1413410417
   -2.4431352084    0.6880774786   -0.0827091172
   -2.8794097854    0.9292044748   -0.0707955252
   -2.4431352084    0.9172908828   -0.3119225214
   -2.6993378228    0.8378053204   -0.1621946796
   -0.3987672378    0.7088884238   -0.5004700934
   -1.4049974377    0.9161126952   -0.5062274577
   -0.3087384916    0.9357969437   -0.5779110352
   -0.7124333227    0.8586589583   -0.5488980693
   -1.9069577388    0.5858395011   -0.1610077895
   -1.9069577388    0.8389922105   -0.4141604989
   -0.8205532998    0.6034729734   -0.3965270266
   -1.6209494262    0.6560066368   -0.3439933632
